2015-03-05T09:44:47+01:00 NOTICE (5): Page not found
2015-03-05T09:44:47+01:00 NOTICE (5): Invalid controller specified (success.php)
2015-03-05T09:44:47+01:00 NOTICE (5): #0 C:\wamp\www\vuong\library\Zend\Controller\Front.php(954): Zend_Controller_Dispatcher_Standard->dispatch(Object(Zend_Controller_Request_Http), Object(Zend_Controller_Response_Http))
#1 C:\wamp\www\vuong\library\Zend\Application\Bootstrap\Bootstrap.php(97): Zend_Controller_Front->dispatch()
#2 C:\wamp\www\vuong\init.php(34): Zend_Application_Bootstrap_Bootstrap->run()
#3 C:\wamp\www\vuong\public\index.php(3): Application::run()
#4 {main}
2015-03-05T09:44:47+01:00 NOTICE (5): array (
  'controller' => 'success.php',
  'action' => 'index',
  'module' => 'default',
  'email' => 'dD@FDS',
  'key' => '',
  'submit' => 'Submit',
)
2015-03-05T09:46:20+01:00 NOTICE (5): Page not found
2015-03-05T09:46:20+01:00 NOTICE (5): Invalid controller specified (success.php)
2015-03-05T09:46:20+01:00 NOTICE (5): #0 C:\wamp\www\vuong\library\Zend\Controller\Front.php(954): Zend_Controller_Dispatcher_Standard->dispatch(Object(Zend_Controller_Request_Http), Object(Zend_Controller_Response_Http))
#1 C:\wamp\www\vuong\library\Zend\Application\Bootstrap\Bootstrap.php(97): Zend_Controller_Front->dispatch()
#2 C:\wamp\www\vuong\init.php(34): Zend_Application_Bootstrap_Bootstrap->run()
#3 C:\wamp\www\vuong\public\index.php(3): Application::run()
#4 {main}
2015-03-05T09:46:20+01:00 NOTICE (5): array (
  'controller' => 'success.php',
  'action' => 'index',
  'module' => 'default',
)
2015-03-05T09:46:23+01:00 NOTICE (5): Page not found
2015-03-05T09:46:23+01:00 NOTICE (5): Invalid controller specified (success.php)
2015-03-05T09:46:23+01:00 NOTICE (5): #0 C:\wamp\www\vuong\library\Zend\Controller\Front.php(954): Zend_Controller_Dispatcher_Standard->dispatch(Object(Zend_Controller_Request_Http), Object(Zend_Controller_Response_Http))
#1 C:\wamp\www\vuong\library\Zend\Application\Bootstrap\Bootstrap.php(97): Zend_Controller_Front->dispatch()
#2 C:\wamp\www\vuong\init.php(34): Zend_Application_Bootstrap_Bootstrap->run()
#3 C:\wamp\www\vuong\public\index.php(3): Application::run()
#4 {main}
2015-03-05T09:46:23+01:00 NOTICE (5): array (
  'controller' => 'success.php',
  'action' => 'index',
  'module' => 'default',
  'email' => 'dD@FDS',
  'key' => '',
  'submit' => 'Submit',
)
2015-03-05T09:46:39+01:00 NOTICE (5): Page not found
2015-03-05T09:46:39+01:00 NOTICE (5): Invalid controller specified (success.php)
2015-03-05T09:46:39+01:00 NOTICE (5): #0 C:\wamp\www\vuong\library\Zend\Controller\Front.php(954): Zend_Controller_Dispatcher_Standard->dispatch(Object(Zend_Controller_Request_Http), Object(Zend_Controller_Response_Http))
#1 C:\wamp\www\vuong\library\Zend\Application\Bootstrap\Bootstrap.php(97): Zend_Controller_Front->dispatch()
#2 C:\wamp\www\vuong\init.php(34): Zend_Application_Bootstrap_Bootstrap->run()
#3 C:\wamp\www\vuong\public\index.php(3): Application::run()
#4 {main}
2015-03-05T09:46:39+01:00 NOTICE (5): array (
  'controller' => 'success.php',
  'action' => 'index',
  'module' => 'default',
  'email' => 'dD@FDS',
  'key' => '',
  'submit' => 'Submit',
)
2015-03-05T10:43:17+01:00 NOTICE (5): Page not found
2015-03-05T10:43:17+01:00 NOTICE (5): Invalid controller specified (public)
2015-03-05T10:43:17+01:00 NOTICE (5): #0 C:\wamp\www\vuong\library\Zend\Controller\Front.php(954): Zend_Controller_Dispatcher_Standard->dispatch(Object(Zend_Controller_Request_Http), Object(Zend_Controller_Response_Http))
#1 C:\wamp\www\vuong\library\Zend\Application\Bootstrap\Bootstrap.php(97): Zend_Controller_Front->dispatch()
#2 C:\wamp\www\vuong\init.php(34): Zend_Application_Bootstrap_Bootstrap->run()
#3 C:\wamp\www\vuong\public\index.php(3): Application::run()
#4 {main}
2015-03-05T10:43:17+01:00 NOTICE (5): array (
  'controller' => 'public',
  'action' => 'js',
  'lib' => 'jquery-1.11.1.js',
  'module' => 'default',
)
2015-03-05T10:43:22+01:00 NOTICE (5): Page not found
2015-03-05T10:43:22+01:00 NOTICE (5): Invalid controller specified (public)
2015-03-05T10:43:22+01:00 NOTICE (5): #0 C:\wamp\www\vuong\library\Zend\Controller\Front.php(954): Zend_Controller_Dispatcher_Standard->dispatch(Object(Zend_Controller_Request_Http), Object(Zend_Controller_Response_Http))
#1 C:\wamp\www\vuong\library\Zend\Application\Bootstrap\Bootstrap.php(97): Zend_Controller_Front->dispatch()
#2 C:\wamp\www\vuong\init.php(34): Zend_Application_Bootstrap_Bootstrap->run()
#3 C:\wamp\www\vuong\public\index.php(3): Application::run()
#4 {main}
2015-03-05T10:43:22+01:00 NOTICE (5): array (
  'controller' => 'public',
  'action' => 'js',
  'lib' => 'jquery-1.11.1.js',
  'module' => 'default',
)
2015-03-05T10:43:25+01:00 NOTICE (5): Page not found
2015-03-05T10:43:25+01:00 NOTICE (5): Invalid controller specified (public)
2015-03-05T10:43:25+01:00 NOTICE (5): #0 C:\wamp\www\vuong\library\Zend\Controller\Front.php(954): Zend_Controller_Dispatcher_Standard->dispatch(Object(Zend_Controller_Request_Http), Object(Zend_Controller_Response_Http))
#1 C:\wamp\www\vuong\library\Zend\Application\Bootstrap\Bootstrap.php(97): Zend_Controller_Front->dispatch()
#2 C:\wamp\www\vuong\init.php(34): Zend_Application_Bootstrap_Bootstrap->run()
#3 C:\wamp\www\vuong\public\index.php(3): Application::run()
#4 {main}
2015-03-05T10:43:25+01:00 NOTICE (5): array (
  'controller' => 'public',
  'action' => 'js',
  'lib' => 'jquery-1.11.1.js',
  'module' => 'default',
)
2015-03-05T10:48:35+01:00 NOTICE (5): Page not found
2015-03-05T10:48:35+01:00 NOTICE (5): Invalid controller specified (application)
2015-03-05T10:48:35+01:00 NOTICE (5): #0 C:\wamp\www\vuong\library\Zend\Controller\Front.php(954): Zend_Controller_Dispatcher_Standard->dispatch(Object(Zend_Controller_Request_Http), Object(Zend_Controller_Response_Http))
#1 C:\wamp\www\vuong\library\Zend\Application\Bootstrap\Bootstrap.php(97): Zend_Controller_Front->dispatch()
#2 C:\wamp\www\vuong\init.php(34): Zend_Application_Bootstrap_Bootstrap->run()
#3 C:\wamp\www\vuong\public\index.php(3): Application::run()
#4 {main}
2015-03-05T10:48:35+01:00 NOTICE (5): array (
  'controller' => 'application',
  'action' => 'public',
  'js' => 'lib',
  'module' => 'default',
)
2015-03-05T11:19:36+01:00 NOTICE (5): Page not found
2015-03-05T11:19:36+01:00 NOTICE (5): Action "practice1" does not exist and was not trapped in __call()
2015-03-05T11:19:36+01:00 NOTICE (5): #0 C:\wamp\www\vuong\library\Zend\Controller\Action.php(518): Zend_Controller_Action->__call('practice1Action', Array)
#1 C:\wamp\www\vuong\library\Zend\Controller\Dispatcher\Standard.php(308): Zend_Controller_Action->dispatch('practice1Action')
#2 C:\wamp\www\vuong\library\Zend\Controller\Front.php(954): Zend_Controller_Dispatcher_Standard->dispatch(Object(Zend_Controller_Request_Http), Object(Zend_Controller_Response_Http))
#3 C:\wamp\www\vuong\library\Zend\Application\Bootstrap\Bootstrap.php(97): Zend_Controller_Front->dispatch()
#4 C:\wamp\www\vuong\init.php(34): Zend_Application_Bootstrap_Bootstrap->run()
#5 C:\wamp\www\vuong\public\index.php(3): Application::run()
#6 {main}
2015-03-05T11:19:36+01:00 NOTICE (5): array (
  'controller' => 'index',
  'action' => 'practice1',
  'module' => 'default',
)
2015-03-05T11:19:43+01:00 NOTICE (5): Page not found
2015-03-05T11:19:43+01:00 NOTICE (5): Invalid controller specified (practice1)
2015-03-05T11:19:43+01:00 NOTICE (5): #0 C:\wamp\www\vuong\library\Zend\Controller\Front.php(954): Zend_Controller_Dispatcher_Standard->dispatch(Object(Zend_Controller_Request_Http), Object(Zend_Controller_Response_Http))
#1 C:\wamp\www\vuong\library\Zend\Application\Bootstrap\Bootstrap.php(97): Zend_Controller_Front->dispatch()
#2 C:\wamp\www\vuong\init.php(34): Zend_Application_Bootstrap_Bootstrap->run()
#3 C:\wamp\www\vuong\public\index.php(3): Application::run()
#4 {main}
2015-03-05T11:19:43+01:00 NOTICE (5): array (
  'controller' => 'practice1',
  'action' => 'index',
  'module' => 'default',
)
2015-03-05T11:19:45+01:00 NOTICE (5): Page not found
2015-03-05T11:19:45+01:00 NOTICE (5): Invalid controller specified (practice1)
2015-03-05T11:19:45+01:00 NOTICE (5): #0 C:\wamp\www\vuong\library\Zend\Controller\Front.php(954): Zend_Controller_Dispatcher_Standard->dispatch(Object(Zend_Controller_Request_Http), Object(Zend_Controller_Response_Http))
#1 C:\wamp\www\vuong\library\Zend\Application\Bootstrap\Bootstrap.php(97): Zend_Controller_Front->dispatch()
#2 C:\wamp\www\vuong\init.php(34): Zend_Application_Bootstrap_Bootstrap->run()
#3 C:\wamp\www\vuong\public\index.php(3): Application::run()
#4 {main}
2015-03-05T11:19:45+01:00 NOTICE (5): array (
  'controller' => 'practice1',
  'action' => 'index',
  'module' => 'default',
)
2015-03-05T11:19:49+01:00 NOTICE (5): Page not found
2015-03-05T11:19:49+01:00 NOTICE (5): Invalid controller specified (practice1)
2015-03-05T11:19:49+01:00 NOTICE (5): #0 C:\wamp\www\vuong\library\Zend\Controller\Front.php(954): Zend_Controller_Dispatcher_Standard->dispatch(Object(Zend_Controller_Request_Http), Object(Zend_Controller_Response_Http))
#1 C:\wamp\www\vuong\library\Zend\Application\Bootstrap\Bootstrap.php(97): Zend_Controller_Front->dispatch()
#2 C:\wamp\www\vuong\init.php(34): Zend_Application_Bootstrap_Bootstrap->run()
#3 C:\wamp\www\vuong\public\index.php(3): Application::run()
#4 {main}
2015-03-05T11:19:49+01:00 NOTICE (5): array (
  'controller' => 'practice1',
  'action' => 'index',
  'module' => 'default',
)
2015-03-05T11:19:58+01:00 NOTICE (5): Page not found
2015-03-05T11:19:58+01:00 NOTICE (5): Action "practice1" does not exist and was not trapped in __call()
2015-03-05T11:19:58+01:00 NOTICE (5): #0 C:\wamp\www\vuong\library\Zend\Controller\Action.php(518): Zend_Controller_Action->__call('practice1Action', Array)
#1 C:\wamp\www\vuong\library\Zend\Controller\Dispatcher\Standard.php(308): Zend_Controller_Action->dispatch('practice1Action')
#2 C:\wamp\www\vuong\library\Zend\Controller\Front.php(954): Zend_Controller_Dispatcher_Standard->dispatch(Object(Zend_Controller_Request_Http), Object(Zend_Controller_Response_Http))
#3 C:\wamp\www\vuong\library\Zend\Application\Bootstrap\Bootstrap.php(97): Zend_Controller_Front->dispatch()
#4 C:\wamp\www\vuong\init.php(34): Zend_Application_Bootstrap_Bootstrap->run()
#5 C:\wamp\www\vuong\public\index.php(3): Application::run()
#6 {main}
2015-03-05T11:19:58+01:00 NOTICE (5): array (
  'controller' => 'index',
  'action' => 'practice1',
  'module' => 'default',
)
2015-03-05T11:21:08+01:00 NOTICE (5): Page not found
2015-03-05T11:21:08+01:00 NOTICE (5): Action "practice1" does not exist and was not trapped in __call()
2015-03-05T11:21:08+01:00 NOTICE (5): #0 C:\wamp\www\vuong\library\Zend\Controller\Action.php(518): Zend_Controller_Action->__call('practice1Action', Array)
#1 C:\wamp\www\vuong\library\Zend\Controller\Dispatcher\Standard.php(308): Zend_Controller_Action->dispatch('practice1Action')
#2 C:\wamp\www\vuong\library\Zend\Controller\Front.php(954): Zend_Controller_Dispatcher_Standard->dispatch(Object(Zend_Controller_Request_Http), Object(Zend_Controller_Response_Http))
#3 C:\wamp\www\vuong\library\Zend\Application\Bootstrap\Bootstrap.php(97): Zend_Controller_Front->dispatch()
#4 C:\wamp\www\vuong\init.php(34): Zend_Application_Bootstrap_Bootstrap->run()
#5 C:\wamp\www\vuong\public\index.php(3): Application::run()
#6 {main}
2015-03-05T11:21:08+01:00 NOTICE (5): array (
  'controller' => 'index',
  'action' => 'practice1',
  'module' => 'default',
)
2015-03-06T04:34:12+01:00 NOTICE (5): Page not found
2015-03-06T04:34:12+01:00 NOTICE (5): Action "wordpressTxt" does not exist and was not trapped in __call()
2015-03-06T04:34:12+01:00 NOTICE (5): #0 C:\wamp\www\vuong\task05032015\library\Zend\Controller\Action.php(518): Zend_Controller_Action->__call('wordpressTxtAct...', Array)
#1 C:\wamp\www\vuong\task05032015\library\Zend\Controller\Dispatcher\Standard.php(308): Zend_Controller_Action->dispatch('wordpressTxtAct...')
#2 C:\wamp\www\vuong\task05032015\library\Zend\Controller\Front.php(954): Zend_Controller_Dispatcher_Standard->dispatch(Object(Zend_Controller_Request_Http), Object(Zend_Controller_Response_Http))
#3 C:\wamp\www\vuong\task05032015\library\Zend\Application\Bootstrap\Bootstrap.php(97): Zend_Controller_Front->dispatch()
#4 C:\wamp\www\vuong\task05032015\init.php(34): Zend_Application_Bootstrap_Bootstrap->run()
#5 C:\wamp\www\vuong\task05032015\public\index.php(3): Application::run()
#6 {main}
2015-03-06T04:34:12+01:00 NOTICE (5): array (
  'controller' => 'index',
  'action' => 'wordpress.txt',
  'module' => 'default',
)
2015-03-09T02:32:37+01:00 NOTICE (5): Page not found
2015-03-09T02:32:37+01:00 NOTICE (5): Invalid controller specified (index)
2015-03-09T02:32:37+01:00 NOTICE (5): #0 C:\wamp\www\vuong\task05032015\library\Zend\Controller\Front.php(954): Zend_Controller_Dispatcher_Standard->dispatch(Object(Zend_Controller_Request_Http), Object(Zend_Controller_Response_Http))
#1 C:\wamp\www\vuong\task05032015\library\Zend\Application\Bootstrap\Bootstrap.php(97): Zend_Controller_Front->dispatch()
#2 C:\wamp\www\vuong\task05032015\init.php(34): Zend_Application_Bootstrap_Bootstrap->run()
#3 C:\wamp\www\vuong\task05032015\public\index.php(3): Application::run()
#4 {main}
2015-03-09T02:32:37+01:00 NOTICE (5): array (
  'module' => 'task2',
  'controller' => 'index',
  'action' => 'index',
)
2015-03-09T02:32:45+01:00 NOTICE (5): Page not found
2015-03-09T02:32:45+01:00 NOTICE (5): Invalid controller specified (index)
2015-03-09T02:32:45+01:00 NOTICE (5): #0 C:\wamp\www\vuong\task05032015\library\Zend\Controller\Front.php(954): Zend_Controller_Dispatcher_Standard->dispatch(Object(Zend_Controller_Request_Http), Object(Zend_Controller_Response_Http))
#1 C:\wamp\www\vuong\task05032015\library\Zend\Application\Bootstrap\Bootstrap.php(97): Zend_Controller_Front->dispatch()
#2 C:\wamp\www\vuong\task05032015\init.php(34): Zend_Application_Bootstrap_Bootstrap->run()
#3 C:\wamp\www\vuong\task05032015\public\index.php(3): Application::run()
#4 {main}
2015-03-09T02:32:45+01:00 NOTICE (5): array (
  'module' => 'task2',
  'controller' => 'index',
  'action' => 'index',
)
2015-03-09T02:39:38+01:00 NOTICE (5): Page not found
2015-03-09T02:39:38+01:00 NOTICE (5): Invalid controller specified (task2)
2015-03-09T02:39:38+01:00 NOTICE (5): #0 C:\wamp\www\vuong\task05032015\library\Zend\Controller\Front.php(954): Zend_Controller_Dispatcher_Standard->dispatch(Object(Zend_Controller_Request_Http), Object(Zend_Controller_Response_Http))
#1 C:\wamp\www\vuong\task05032015\library\Zend\Application\Bootstrap\Bootstrap.php(97): Zend_Controller_Front->dispatch()
#2 C:\wamp\www\vuong\task05032015\init.php(34): Zend_Application_Bootstrap_Bootstrap->run()
#3 C:\wamp\www\vuong\task05032015\public\index.php(3): Application::run()
#4 {main}
2015-03-09T02:39:38+01:00 NOTICE (5): array (
  'controller' => 'task2',
  'action' => 'index',
  'module' => 'default',
)
2015-03-09T03:43:47+01:00 NOTICE (5): Page not found
2015-03-09T03:43:47+01:00 NOTICE (5): Invalid controller specified (task)
2015-03-09T03:43:47+01:00 NOTICE (5): #0 C:\wamp\www\vuong\task05032015\library\Zend\Controller\Front.php(954): Zend_Controller_Dispatcher_Standard->dispatch(Object(Zend_Controller_Request_Http), Object(Zend_Controller_Response_Http))
#1 C:\wamp\www\vuong\task05032015\library\Zend\Application\Bootstrap\Bootstrap.php(97): Zend_Controller_Front->dispatch()
#2 C:\wamp\www\vuong\task05032015\init.php(34): Zend_Application_Bootstrap_Bootstrap->run()
#3 C:\wamp\www\vuong\task05032015\index.php(3): Application::run()
#4 {main}
2015-03-09T03:43:47+01:00 NOTICE (5): array (
  'module' => 'task',
  'controller' => 'task',
  'action' => 'practice1',
)
2015-03-09T03:45:48+01:00 NOTICE (5): Page not found
2015-03-09T03:45:48+01:00 NOTICE (5): Invalid controller specified (task)
2015-03-09T03:45:48+01:00 NOTICE (5): #0 C:\wamp\www\vuong\task05032015\library\Zend\Controller\Front.php(954): Zend_Controller_Dispatcher_Standard->dispatch(Object(Zend_Controller_Request_Http), Object(Zend_Controller_Response_Http))
#1 C:\wamp\www\vuong\task05032015\library\Zend\Application\Bootstrap\Bootstrap.php(97): Zend_Controller_Front->dispatch()
#2 C:\wamp\www\vuong\task05032015\init.php(34): Zend_Application_Bootstrap_Bootstrap->run()
#3 C:\wamp\www\vuong\task05032015\index.php(3): Application::run()
#4 {main}
2015-03-09T03:45:48+01:00 NOTICE (5): array (
  'module' => 'task',
  'controller' => 'task',
  'action' => 'practice1',
)
2015-03-09T03:46:52+01:00 NOTICE (5): Page not found
2015-03-09T03:46:52+01:00 NOTICE (5): Invalid controller specified (practice1)
2015-03-09T03:46:52+01:00 NOTICE (5): #0 C:\wamp\www\vuong\task05032015\library\Zend\Controller\Front.php(954): Zend_Controller_Dispatcher_Standard->dispatch(Object(Zend_Controller_Request_Http), Object(Zend_Controller_Response_Http))
#1 C:\wamp\www\vuong\task05032015\library\Zend\Application\Bootstrap\Bootstrap.php(97): Zend_Controller_Front->dispatch()
#2 C:\wamp\www\vuong\task05032015\init.php(34): Zend_Application_Bootstrap_Bootstrap->run()
#3 C:\wamp\www\vuong\task05032015\index.php(3): Application::run()
#4 {main}
2015-03-09T03:46:52+01:00 NOTICE (5): array (
  'module' => 'task',
  'controller' => 'practice1',
  'action' => 'index',
)
2015-03-09T04:16:53+01:00 NOTICE (5): Page not found
2015-03-09T04:16:53+01:00 NOTICE (5): Action "success" does not exist and was not trapped in __call()
2015-03-09T04:16:53+01:00 NOTICE (5): #0 C:\wamp\www\vuong\task05032015\library\Zend\Controller\Action.php(518): Zend_Controller_Action->__call('successAction', Array)
#1 C:\wamp\www\vuong\task05032015\library\Zend\Controller\Dispatcher\Standard.php(308): Zend_Controller_Action->dispatch('successAction')
#2 C:\wamp\www\vuong\task05032015\library\Zend\Controller\Front.php(954): Zend_Controller_Dispatcher_Standard->dispatch(Object(Zend_Controller_Request_Http), Object(Zend_Controller_Response_Http))
#3 C:\wamp\www\vuong\task05032015\library\Zend\Application\Bootstrap\Bootstrap.php(97): Zend_Controller_Front->dispatch()
#4 C:\wamp\www\vuong\task05032015\init.php(34): Zend_Application_Bootstrap_Bootstrap->run()
#5 C:\wamp\www\vuong\task05032015\index.php(3): Application::run()
#6 {main}
2015-03-09T04:16:53+01:00 NOTICE (5): array (
  'module' => 'task',
  'controller' => 'index',
  'action' => 'success',
  'email' => 'abcsdsd',
  'submitMail' => 'Submit',
)
2015-03-09T04:17:03+01:00 NOTICE (5): Page not found
2015-03-09T04:17:03+01:00 NOTICE (5): Invalid controller specified (success)
2015-03-09T04:17:03+01:00 NOTICE (5): #0 C:\wamp\www\vuong\task05032015\library\Zend\Controller\Front.php(954): Zend_Controller_Dispatcher_Standard->dispatch(Object(Zend_Controller_Request_Http), Object(Zend_Controller_Response_Http))
#1 C:\wamp\www\vuong\task05032015\library\Zend\Application\Bootstrap\Bootstrap.php(97): Zend_Controller_Front->dispatch()
#2 C:\wamp\www\vuong\task05032015\init.php(34): Zend_Application_Bootstrap_Bootstrap->run()
#3 C:\wamp\www\vuong\task05032015\index.php(3): Application::run()
#4 {main}
2015-03-09T04:17:03+01:00 NOTICE (5): array (
  'module' => 'task',
  'controller' => 'success',
  'action' => 'index',
)
2015-03-09T04:17:23+01:00 NOTICE (5): Page not found
2015-03-09T04:17:23+01:00 NOTICE (5): Invalid controller specified (success)
2015-03-09T04:17:23+01:00 NOTICE (5): #0 C:\wamp\www\vuong\task05032015\library\Zend\Controller\Front.php(954): Zend_Controller_Dispatcher_Standard->dispatch(Object(Zend_Controller_Request_Http), Object(Zend_Controller_Response_Http))
#1 C:\wamp\www\vuong\task05032015\library\Zend\Application\Bootstrap\Bootstrap.php(97): Zend_Controller_Front->dispatch()
#2 C:\wamp\www\vuong\task05032015\init.php(34): Zend_Application_Bootstrap_Bootstrap->run()
#3 C:\wamp\www\vuong\task05032015\index.php(3): Application::run()
#4 {main}
2015-03-09T04:17:23+01:00 NOTICE (5): array (
  'module' => 'task',
  'controller' => 'success',
  'action' => 'index',
)
2015-03-09T04:17:30+01:00 CRIT (2): Application error
2015-03-09T04:17:30+01:00 CRIT (2): script 'index/succcess.phtml' not found in path (C:/wamp/www/vuong/task05032015/application/modules/task/views\scripts/)
2015-03-09T04:17:30+01:00 CRIT (2): #0 C:\wamp\www\vuong\task05032015\library\Zend\View\Abstract.php(884): Zend_View_Abstract->_script('index/succcess....')
#1 C:\wamp\www\vuong\task05032015\library\Zend\Controller\Action\Helper\ViewRenderer.php(900): Zend_View_Abstract->render('index/succcess....')
#2 C:\wamp\www\vuong\task05032015\library\Zend\Controller\Action\Helper\ViewRenderer.php(921): Zend_Controller_Action_Helper_ViewRenderer->renderScript('index/succcess....', NULL)
#3 C:\wamp\www\vuong\task05032015\library\Zend\Controller\Action\Helper\ViewRenderer.php(960): Zend_Controller_Action_Helper_ViewRenderer->render()
#4 C:\wamp\www\vuong\task05032015\library\Zend\Controller\Action\HelperBroker.php(277): Zend_Controller_Action_Helper_ViewRenderer->postDispatch()
#5 C:\wamp\www\vuong\task05032015\library\Zend\Controller\Action.php(527): Zend_Controller_Action_HelperBroker->notifyPostDispatch()
#6 C:\wamp\www\vuong\task05032015\library\Zend\Controller\Dispatcher\Standard.php(308): Zend_Controller_Action->dispatch('succcessAction')
#7 C:\wamp\www\vuong\task05032015\library\Zend\Controller\Front.php(954): Zend_Controller_Dispatcher_Standard->dispatch(Object(Zend_Controller_Request_Http), Object(Zend_Controller_Response_Http))
#8 C:\wamp\www\vuong\task05032015\library\Zend\Application\Bootstrap\Bootstrap.php(97): Zend_Controller_Front->dispatch()
#9 C:\wamp\www\vuong\task05032015\init.php(34): Zend_Application_Bootstrap_Bootstrap->run()
#10 C:\wamp\www\vuong\task05032015\index.php(3): Application::run()
#11 {main}
2015-03-09T04:17:30+01:00 CRIT (2): array (
  'module' => 'task',
  'controller' => 'index',
  'action' => 'succcess',
  'email' => 'sadasd',
  'submitMail' => 'Submit',
)
2015-03-09T04:18:17+01:00 NOTICE (5): Page not found
2015-03-09T04:18:17+01:00 NOTICE (5): Invalid controller specified (practice1)
2015-03-09T04:18:17+01:00 NOTICE (5): #0 C:\wamp\www\vuong\task05032015\library\Zend\Controller\Front.php(954): Zend_Controller_Dispatcher_Standard->dispatch(Object(Zend_Controller_Request_Http), Object(Zend_Controller_Response_Http))
#1 C:\wamp\www\vuong\task05032015\library\Zend\Application\Bootstrap\Bootstrap.php(97): Zend_Controller_Front->dispatch()
#2 C:\wamp\www\vuong\task05032015\init.php(34): Zend_Application_Bootstrap_Bootstrap->run()
#3 C:\wamp\www\vuong\task05032015\index.php(3): Application::run()
#4 {main}
2015-03-09T04:18:17+01:00 NOTICE (5): array (
  'module' => 'task',
  'controller' => 'practice1',
  'action' => 'index',
)
2015-03-09T04:18:24+01:00 NOTICE (5): Page not found
2015-03-09T04:18:24+01:00 NOTICE (5): Invalid controller specified (success)
2015-03-09T04:18:24+01:00 NOTICE (5): #0 C:\wamp\www\vuong\task05032015\library\Zend\Controller\Front.php(954): Zend_Controller_Dispatcher_Standard->dispatch(Object(Zend_Controller_Request_Http), Object(Zend_Controller_Response_Http))
#1 C:\wamp\www\vuong\task05032015\library\Zend\Application\Bootstrap\Bootstrap.php(97): Zend_Controller_Front->dispatch()
#2 C:\wamp\www\vuong\task05032015\init.php(34): Zend_Application_Bootstrap_Bootstrap->run()
#3 C:\wamp\www\vuong\task05032015\index.php(3): Application::run()
#4 {main}
2015-03-09T04:18:24+01:00 NOTICE (5): array (
  'module' => 'task',
  'controller' => 'success',
  'action' => 'index',
)
2015-03-09T04:18:47+01:00 NOTICE (5): Page not found
2015-03-09T04:18:47+01:00 NOTICE (5): Invalid controller specified (success)
2015-03-09T04:18:47+01:00 NOTICE (5): #0 C:\wamp\www\vuong\task05032015\library\Zend\Controller\Front.php(954): Zend_Controller_Dispatcher_Standard->dispatch(Object(Zend_Controller_Request_Http), Object(Zend_Controller_Response_Http))
#1 C:\wamp\www\vuong\task05032015\library\Zend\Application\Bootstrap\Bootstrap.php(97): Zend_Controller_Front->dispatch()
#2 C:\wamp\www\vuong\task05032015\init.php(34): Zend_Application_Bootstrap_Bootstrap->run()
#3 C:\wamp\www\vuong\task05032015\index.php(3): Application::run()
#4 {main}
2015-03-09T04:18:47+01:00 NOTICE (5): array (
  'module' => 'task',
  'controller' => 'success',
  'action' => 'index',
)
2015-03-09T04:18:51+01:00 NOTICE (5): Page not found
2015-03-09T04:18:51+01:00 NOTICE (5): Invalid controller specified (practice1)
2015-03-09T04:18:51+01:00 NOTICE (5): #0 C:\wamp\www\vuong\task05032015\library\Zend\Controller\Front.php(954): Zend_Controller_Dispatcher_Standard->dispatch(Object(Zend_Controller_Request_Http), Object(Zend_Controller_Response_Http))
#1 C:\wamp\www\vuong\task05032015\library\Zend\Application\Bootstrap\Bootstrap.php(97): Zend_Controller_Front->dispatch()
#2 C:\wamp\www\vuong\task05032015\init.php(34): Zend_Application_Bootstrap_Bootstrap->run()
#3 C:\wamp\www\vuong\task05032015\index.php(3): Application::run()
#4 {main}
2015-03-09T04:18:51+01:00 NOTICE (5): array (
  'module' => 'task',
  'controller' => 'practice1',
  'action' => 'index',
)
2015-03-09T04:18:53+01:00 NOTICE (5): Page not found
2015-03-09T04:18:53+01:00 NOTICE (5): Invalid controller specified (practice1)
2015-03-09T04:18:53+01:00 NOTICE (5): #0 C:\wamp\www\vuong\task05032015\library\Zend\Controller\Front.php(954): Zend_Controller_Dispatcher_Standard->dispatch(Object(Zend_Controller_Request_Http), Object(Zend_Controller_Response_Http))
#1 C:\wamp\www\vuong\task05032015\library\Zend\Application\Bootstrap\Bootstrap.php(97): Zend_Controller_Front->dispatch()
#2 C:\wamp\www\vuong\task05032015\init.php(34): Zend_Application_Bootstrap_Bootstrap->run()
#3 C:\wamp\www\vuong\task05032015\index.php(3): Application::run()
#4 {main}
2015-03-09T04:18:53+01:00 NOTICE (5): array (
  'module' => 'task',
  'controller' => 'practice1',
  'action' => 'index',
)
2015-03-09T04:18:59+01:00 NOTICE (5): Page not found
2015-03-09T04:18:59+01:00 NOTICE (5): Action "succcess" does not exist and was not trapped in __call()
2015-03-09T04:18:59+01:00 NOTICE (5): #0 C:\wamp\www\vuong\task05032015\library\Zend\Controller\Action.php(518): Zend_Controller_Action->__call('succcessAction', Array)
#1 C:\wamp\www\vuong\task05032015\library\Zend\Controller\Dispatcher\Standard.php(308): Zend_Controller_Action->dispatch('succcessAction')
#2 C:\wamp\www\vuong\task05032015\library\Zend\Controller\Front.php(954): Zend_Controller_Dispatcher_Standard->dispatch(Object(Zend_Controller_Request_Http), Object(Zend_Controller_Response_Http))
#3 C:\wamp\www\vuong\task05032015\library\Zend\Application\Bootstrap\Bootstrap.php(97): Zend_Controller_Front->dispatch()
#4 C:\wamp\www\vuong\task05032015\init.php(34): Zend_Application_Bootstrap_Bootstrap->run()
#5 C:\wamp\www\vuong\task05032015\index.php(3): Application::run()
#6 {main}
2015-03-09T04:18:59+01:00 NOTICE (5): array (
  'module' => 'task',
  'controller' => 'index',
  'action' => 'succcess',
  'email' => 'dsdasd',
  'submitMail' => 'Submit',
)
2015-03-09T04:19:01+01:00 NOTICE (5): Page not found
2015-03-09T04:19:01+01:00 NOTICE (5): Action "succcess" does not exist and was not trapped in __call()
2015-03-09T04:19:01+01:00 NOTICE (5): #0 C:\wamp\www\vuong\task05032015\library\Zend\Controller\Action.php(518): Zend_Controller_Action->__call('succcessAction', Array)
#1 C:\wamp\www\vuong\task05032015\library\Zend\Controller\Dispatcher\Standard.php(308): Zend_Controller_Action->dispatch('succcessAction')
#2 C:\wamp\www\vuong\task05032015\library\Zend\Controller\Front.php(954): Zend_Controller_Dispatcher_Standard->dispatch(Object(Zend_Controller_Request_Http), Object(Zend_Controller_Response_Http))
#3 C:\wamp\www\vuong\task05032015\library\Zend\Application\Bootstrap\Bootstrap.php(97): Zend_Controller_Front->dispatch()
#4 C:\wamp\www\vuong\task05032015\init.php(34): Zend_Application_Bootstrap_Bootstrap->run()
#5 C:\wamp\www\vuong\task05032015\index.php(3): Application::run()
#6 {main}
2015-03-09T04:19:01+01:00 NOTICE (5): array (
  'module' => 'task',
  'controller' => 'index',
  'action' => 'succcess',
)
2015-03-09T04:19:34+01:00 NOTICE (5): Page not found
2015-03-09T04:19:34+01:00 NOTICE (5): Invalid controller specified (task)
2015-03-09T04:19:34+01:00 NOTICE (5): #0 C:\wamp\www\vuong\task05032015\library\Zend\Controller\Front.php(954): Zend_Controller_Dispatcher_Standard->dispatch(Object(Zend_Controller_Request_Http), Object(Zend_Controller_Response_Http))
#1 C:\wamp\www\vuong\task05032015\library\Zend\Application\Bootstrap\Bootstrap.php(97): Zend_Controller_Front->dispatch()
#2 C:\wamp\www\vuong\task05032015\init.php(34): Zend_Application_Bootstrap_Bootstrap->run()
#3 C:\wamp\www\vuong\task05032015\index.php(3): Application::run()
#4 {main}
2015-03-09T04:19:34+01:00 NOTICE (5): array (
  'module' => 'task',
  'controller' => 'task',
  'action' => 'index',
)
2015-03-09T04:19:49+01:00 NOTICE (5): Page not found
2015-03-09T04:19:49+01:00 NOTICE (5): Invalid controller specified (task)
2015-03-09T04:19:49+01:00 NOTICE (5): #0 C:\wamp\www\vuong\task05032015\library\Zend\Controller\Front.php(954): Zend_Controller_Dispatcher_Standard->dispatch(Object(Zend_Controller_Request_Http), Object(Zend_Controller_Response_Http))
#1 C:\wamp\www\vuong\task05032015\library\Zend\Application\Bootstrap\Bootstrap.php(97): Zend_Controller_Front->dispatch()
#2 C:\wamp\www\vuong\task05032015\init.php(34): Zend_Application_Bootstrap_Bootstrap->run()
#3 C:\wamp\www\vuong\task05032015\index.php(3): Application::run()
#4 {main}
2015-03-09T04:19:49+01:00 NOTICE (5): array (
  'module' => 'task',
  'controller' => 'task',
  'action' => 'index',
)
2015-03-09T04:29:10+01:00 NOTICE (5): Page not found
2015-03-09T04:29:10+01:00 NOTICE (5): Invalid controller specified (task)
2015-03-09T04:29:10+01:00 NOTICE (5): #0 C:\wamp\www\vuong\task05032015\library\Zend\Controller\Front.php(954): Zend_Controller_Dispatcher_Standard->dispatch(Object(Zend_Controller_Request_Http), Object(Zend_Controller_Response_Http))
#1 C:\wamp\www\vuong\task05032015\library\Zend\Application\Bootstrap\Bootstrap.php(97): Zend_Controller_Front->dispatch()
#2 C:\wamp\www\vuong\task05032015\init.php(34): Zend_Application_Bootstrap_Bootstrap->run()
#3 C:\wamp\www\vuong\task05032015\index.php(3): Application::run()
#4 {main}
2015-03-09T04:29:10+01:00 NOTICE (5): array (
  'module' => 'task',
  'controller' => 'task',
  'action' => 'practice2',
)
